[2024-02-11 12:34:57,733]:[creating directory;.github\workflows for the file:.gitkeep:]
[2024-02-11 12:34:57,733]:[Creating empty files:.github\workflows\.gitkeep:]
[2024-02-11 12:34:57,734]:[creating directory;src\mlProject for the file:__init__.py:]
[2024-02-11 12:34:57,734]:[Creating empty files:src\mlProject\__init__.py:]
[2024-02-11 12:34:57,734]:[creating directory;src\mlProject\component for the file:__init__.py:]
[2024-02-11 12:34:57,735]:[Creating empty files:src\mlProject\component\__init__.py:]
[2024-02-11 12:34:57,735]:[creating directory;src\mlProject\utils for the file:__init__.py:]
[2024-02-11 12:34:57,735]:[Creating empty files:src\mlProject\utils\__init__.py:]
[2024-02-11 12:34:57,736]:[creating directory;src\mlProject\component for the file:common.py:]
[2024-02-11 12:34:57,736]:[Creating empty files:src\mlProject\component\common.py:]
[2024-02-11 12:34:57,736]:[creating directory;src\mlProject\config for the file:__init__.py:]
[2024-02-11 12:34:57,736]:[Creating empty files:src\mlProject\config\__init__.py:]
[2024-02-11 12:34:57,737]:[creating directory;src\mlProject\config for the file:configuaration.py:]
[2024-02-11 12:34:57,737]:[Creating empty files:src\mlProject\config\configuaration.py:]
[2024-02-11 12:34:57,737]:[creating directory;src\mlProject\pipleine for the file:__init__.py:]
[2024-02-11 12:34:57,737]:[Creating empty files:src\mlProject\pipleine\__init__.py:]
[2024-02-11 12:34:57,738]:[creating directory;src\mlProject\entity for the file:__init__.py:]
[2024-02-11 12:34:57,738]:[Creating empty files:src\mlProject\entity\__init__.py:]
[2024-02-11 12:34:57,738]:[creating directory;src\mlProject\entity for the file:config_entity.py:]
[2024-02-11 12:34:57,739]:[Creating empty files:src\mlProject\entity\config_entity.py:]
[2024-02-11 12:34:57,739]:[creating directory;src\mlProject\constants for the file:__init__.py:]
[2024-02-11 12:34:57,739]:[Creating empty files:src\mlProject\constants\__init__.py:]
[2024-02-11 12:34:57,739]:[creating directory;config for the file:config.yaml:]
[2024-02-11 12:34:57,740]:[Creating empty files:config\config.yaml:]
[2024-02-11 12:34:57,740]:[Creating empty files:params.yaml:]
[2024-02-11 12:34:57,740]:[Creating empty files:schema.yaml:]
[2024-02-11 12:34:57,740]:[Creating empty files:main.py:]
[2024-02-11 12:34:57,741]:[Creating empty files:app.py:]
[2024-02-11 12:34:57,741]:[Creating empty files:Dockerfile:]
[2024-02-11 12:34:57,741]:[Creating empty files:requirements.txt:]
[2024-02-11 12:34:57,742]:[Creating empty files:setup.py:]
[2024-02-11 12:34:57,742]:[creating directory;research for the file:trails.ipynb:]
[2024-02-11 12:34:57,742]:[Creating empty files:research\trails.ipynb:]
[2024-02-11 12:34:57,743]:[creating directory;templates for the file:index.html:]
[2024-02-11 12:34:57,743]:[Creating empty files:templates\index.html:]
[2024-02-11 12:34:57,743]:[Creating empty files:test.py:]
